<?xml version="1.0" encoding="UTF-8"?>
<!-- Generated by org.testng.reporters.JUnitReportReporter -->
<testsuite hostname="LAPTOP-DUJFBR3O" failures="0" tests="3" name="seleniumPKG.window_10_FFox_Selenium" time="169.007" errors="0" timestamp="2025-02-15T15:30:51 IST" skipped="0">
  <testcase classname="seleniumPKG.window_10_FFox_Selenium" name="testSimpleFormDemo" time="46.678"/>
  <system-out/>
  <testcase classname="seleniumPKG.window_10_FFox_Selenium" name="testDragAndDropSlider" time="68.848"/>
  <system-out/>
  <testcase classname="seleniumPKG.window_10_FFox_Selenium" name="testInputFormSubmit" time="53.481"/>
  <system-out/>
</testsuite> <!-- seleniumPKG.window_10_FFox_Selenium -->
