<?xml version="1.0" encoding="UTF-8"?>
<!-- Generated by org.testng.reporters.JUnitReportReporter -->
<testsuite hostname="LAPTOP-DUJFBR3O" failures="0" tests="3" name="seleniumPKG.window_10_Chrome_Selenium" time="145.072" errors="0" timestamp="2025-02-15T15:30:51 IST" skipped="0">
  <testcase classname="seleniumPKG.window_10_Chrome_Selenium" name="testSimpleFormDemo" time="51.001"/>
  <system-out/>
  <testcase classname="seleniumPKG.window_10_Chrome_Selenium" name="testDragAndDropSlider" time="54.468"/>
  <system-out/>
  <testcase classname="seleniumPKG.window_10_Chrome_Selenium" name="testInputFormSubmit" time="39.603"/>
  <system-out/>
</testsuite> <!-- seleniumPKG.window_10_Chrome_Selenium -->
